::1 - - [18/Sep/2016:02:50:04 +0000] "GET /data/list HTTP/1.1" 500 155 "-" "Mozilla/5.0 (Macintosh; Intel Mac OS X 10.11; rv:48.0) Gecko/20100101 Firefox/48.0"
::1 - - [18/Sep/2016:02:51:31 +0000] "GET /data/list HTTP/1.1" 500 155 "-" "Mozilla/5.0 (Macintosh; Intel Mac OS X 10.11; rv:48.0) Gecko/20100101 Firefox/48.0"
::1 - - [18/Sep/2016:02:51:31 +0000] "GET /data/list HTTP/1.1" 500 155 "-" "Mozilla/5.0 (Macintosh; Intel Mac OS X 10.11; rv:48.0) Gecko/20100101 Firefox/48.0"
::1 - - [18/Sep/2016:02:52:03 +0000] "GET /version/list%20%3E%3Cimg%20src= HTTP/1.1" 404 41 "http://localhost:3000/device/list" "Mozilla/5.0 (Macintosh; Intel Mac OS X 10.11; rv:48.0) Gecko/20100101 Firefox/48.0"
::1 - - [18/Sep/2016:02:58:57 +0000] "GET /version/popup.html HTTP/1.1" 404 41 "http://localhost:3000/version/list" "Mozilla/5.0 (Macintosh; Intel Mac OS X 10.11; rv:48.0) Gecko/20100101 Firefox/48.0"
::1 - - [18/Sep/2016:03:03:04 +0000] "GET /version/popup.html HTTP/1.1" 404 41 "http://localhost:3000/version/list" "Mozilla/5.0 (Macintosh; Intel Mac OS X 10.11; rv:48.0) Gecko/20100101 Firefox/48.0"
::1 - - [18/Sep/2016:03:05:00 +0000] "GET /upload/version HTTP/1.1" 404 41 "http://localhost:3000/version/list" "Mozilla/5.0 (Macintosh; Intel Mac OS X 10.11; rv:48.0) Gecko/20100101 Firefox/48.0"
::1 - - [18/Sep/2016:03:56:22 +0000] "GET /favicon.ico HTTP/1.1" 404 44 "http://localhost:3000/" "Mozilla/5.0 (Windows NT 6.1; WOW64) AppleWebKit/537.36 (KHTML, like Gecko) Chrome/52.0.2743.82 Safari/537.36"
::1 - - [18/Sep/2016:05:21:57 +0000] "GET /user/index HTTP/1.1" 404 44 "-" "Mozilla/5.0 (Windows NT 6.1; WOW64) AppleWebKit/537.36 (KHTML, like Gecko) Chrome/52.0.2743.82 Safari/537.36"
::1 - - [18/Sep/2016:05:22:04 +0000] "GET /index HTTP/1.1" 404 44 "-" "Mozilla/5.0 (Windows NT 6.1; WOW64) AppleWebKit/537.36 (KHTML, like Gecko) Chrome/52.0.2743.82 Safari/537.36"
::1 - - [18/Sep/2016:05:22:07 +0000] "GET /user/index.html HTTP/1.1" 404 44 "http://localhost:3000/user/register" "Mozilla/5.0 (Windows NT 6.1; WOW64) AppleWebKit/537.36 (KHTML, like Gecko) Chrome/52.0.2743.82 Safari/537.36"
::1 - - [18/Sep/2016:05:22:20 +0000] "GET /user/index HTTP/1.1" 404 44 "-" "Mozilla/5.0 (Windows NT 6.1; WOW64) AppleWebKit/537.36 (KHTML, like Gecko) Chrome/52.0.2743.82 Safari/537.36"
::1 - - [18/Sep/2016:05:39:00 +0000] "GET /user/list_data HTTP/1.1" 404 44 "-" "Mozilla/5.0 (Windows NT 6.1; WOW64) AppleWebKit/537.36 (KHTML, like Gecko) Chrome/52.0.2743.82 Safari/537.36"
::1 - - [18/Sep/2016:05:39:04 +0000] "GET /user/list_data.ejs HTTP/1.1" 404 44 "-" "Mozilla/5.0 (Windows NT 6.1; WOW64) AppleWebKit/537.36 (KHTML, like Gecko) Chrome/52.0.2743.82 Safari/537.36"
::1 - - [18/Sep/2016:05:39:27 +0000] "GET /view/list_data.ejs HTTP/1.1" 404 44 "-" "Mozilla/5.0 (Windows NT 6.1; WOW64) AppleWebKit/537.36 (KHTML, like Gecko) Chrome/52.0.2743.82 Safari/537.36"
::1 - - [18/Sep/2016:05:39:30 +0000] "GET /view/list_data HTTP/1.1" 404 44 "-" "Mozilla/5.0 (Windows NT 6.1; WOW64) AppleWebKit/537.36 (KHTML, like Gecko) Chrome/52.0.2743.82 Safari/537.36"
::1 - - [18/Sep/2016:05:47:24 +0000] "GET /user/list_data HTTP/1.1" 404 44 "-" "Mozilla/5.0 (Windows NT 6.1; WOW64) AppleWebKit/537.36 (KHTML, like Gecko) Chrome/52.0.2743.82 Safari/537.36"
::1 - - [18/Sep/2016:05:47:39 +0000] "GET /user/list_device HTTP/1.1" 404 44 "-" "Mozilla/5.0 (Windows NT 6.1; WOW64) AppleWebKit/537.36 (KHTML, like Gecko) Chrome/52.0.2743.82 Safari/537.36"
::1 - - [18/Sep/2016:05:47:47 +0000] "GET /user/list_version HTTP/1.1" 404 44 "-" "Mozilla/5.0 (Windows NT 6.1; WOW64) AppleWebKit/537.36 (KHTML, like Gecko) Chrome/52.0.2743.82 Safari/537.36"
::1 - - [18/Sep/2016:14:01:10 +0000] "POST /version/edit HTTP/1.1" 500 80 "http://localhost:3000/version/upload/57de90d1fd004105141b71ed" "Mozilla/5.0 (Macintosh; Intel Mac OS X 10.11; rv:48.0) Gecko/20100101 Firefox/48.0"
::1 - - [18/Sep/2016:14:02:06 +0000] "POST /version/edit HTTP/1.1" 500 80 "http://localhost:3000/version/upload/57de90d1fd004105141b71ed" "Mozilla/5.0 (Macintosh; Intel Mac OS X 10.11; rv:48.0) Gecko/20100101 Firefox/48.0"
::1 - - [18/Sep/2016:14:02:22 +0000] "POST /version/edit HTTP/1.1" 500 80 "http://localhost:3000/version/upload/57de90d1fd004105141b71ed" "Mozilla/5.0 (Macintosh; Intel Mac OS X 10.11; rv:48.0) Gecko/20100101 Firefox/48.0"
::1 - - [18/Sep/2016:14:03:43 +0000] "POST /version/edit HTTP/1.1" 500 80 "http://localhost:3000/version/upload/57de90d1fd004105141b71ed" "Mozilla/5.0 (Macintosh; Intel Mac OS X 10.11; rv:48.0) Gecko/20100101 Firefox/48.0"
::1 - - [18/Sep/2016:14:09:07 +0000] "POST /version/edit HTTP/1.1" 500 80 "http://localhost:3000/version/upload/57de9660acbf1305a967caeb" "Mozilla/5.0 (Macintosh; Intel Mac OS X 10.11; rv:48.0) Gecko/20100101 Firefox/48.0"
::1 - - [18/Sep/2016:14:13:03 +0000] "POST /version/edit HTTP/1.1" 500 63 "http://localhost:3000/version/upload/57de90d1fd004105141b71ed" "Mozilla/5.0 (Macintosh; Intel Mac OS X 10.11; rv:48.0) Gecko/20100101 Firefox/48.0"
::1 - - [18/Sep/2016:14:14:02 +0000] "POST /version/edit HTTP/1.1" 500 63 "http://localhost:3000/version/upload/57de90d1fd004105141b71ed" "Mozilla/5.0 (Macintosh; Intel Mac OS X 10.11; rv:48.0) Gecko/20100101 Firefox/48.0"
::1 - - [18/Sep/2016:14:16:14 +0000] "POST /version/edit HTTP/1.1" 500 63 "http://localhost:3000/version/upload/57de90d1fd004105141b71ed" "Mozilla/5.0 (Macintosh; Intel Mac OS X 10.11; rv:48.0) Gecko/20100101 Firefox/48.0"
::1 - - [18/Sep/2016:14:17:47 +0000] "POST /version/edit HTTP/1.1" 500 63 "http://localhost:3000/version/upload/57de90d1fd004105141b71ed" "Mozilla/5.0 (Macintosh; Intel Mac OS X 10.11; rv:48.0) Gecko/20100101 Firefox/48.0"
::1 - - [18/Sep/2016:14:21:25 +0000] "POST /version/edit HTTP/1.1" 500 67 "http://localhost:3000/version/upload/57de90d1fd004105141b71ed" "Mozilla/5.0 (Macintosh; Intel Mac OS X 10.11; rv:48.0) Gecko/20100101 Firefox/48.0"
::1 - - [18/Sep/2016:14:22:22 +0000] "POST /version/edit HTTP/1.1" 500 599 "http://localhost:3000/version/upload/57de90d1fd004105141b71ed" "Mozilla/5.0 (Macintosh; Intel Mac OS X 10.11; rv:48.0) Gecko/20100101 Firefox/48.0"
::1 - - [18/Sep/2016:14:24:28 +0000] "POST /version/edit HTTP/1.1" 500 599 "http://localhost:3000/version/upload/57de90d1fd004105141b71ed" "Mozilla/5.0 (Macintosh; Intel Mac OS X 10.11; rv:48.0) Gecko/20100101 Firefox/48.0"
::1 - - [18/Sep/2016:14:25:08 +0000] "POST /version/edit HTTP/1.1" 500 63 "http://localhost:3000/version/upload/57de90d1fd004105141b71ed" "Mozilla/5.0 (Macintosh; Intel Mac OS X 10.11; rv:48.0) Gecko/20100101 Firefox/48.0"
::1 - - [18/Sep/2016:14:31:28 +0000] "POST /version/edit HTTP/1.1" 500 63 "http://localhost:3000/version/upload/57de90d1fd004105141b71ed" "Mozilla/5.0 (Macintosh; Intel Mac OS X 10.11; rv:48.0) Gecko/20100101 Firefox/48.0"
::1 - - [18/Sep/2016:14:32:17 +0000] "POST /version/edit HTTP/1.1" 500 65 "http://localhost:3000/version/upload/57de90d1fd004105141b71ed" "Mozilla/5.0 (Macintosh; Intel Mac OS X 10.11; rv:48.0) Gecko/20100101 Firefox/48.0"
::1 - - [18/Sep/2016:14:34:33 +0000] "POST /version/edit HTTP/1.1" 500 65 "http://localhost:3000/version/upload/57de90d1fd004105141b71ed" "Mozilla/5.0 (Macintosh; Intel Mac OS X 10.11; rv:48.0) Gecko/20100101 Firefox/48.0"
fe80::1 - - [18/Sep/2016:14:35:45 +0000] "POST /version/edit HTTP/1.1" 500 400 "http://localhost:3000/version/upload/57de90d1fd004105141b71ed" "Mozilla/5.0 (Macintosh; Intel Mac OS X 10.11; rv:48.0) Gecko/20100101 Firefox/48.0"
fe80::1 - - [18/Sep/2016:14:36:28 +0000] "POST /version/edit HTTP/1.1" 500 400 "http://localhost:3000/version/upload/57de90d1fd004105141b71ed" "Mozilla/5.0 (Macintosh; Intel Mac OS X 10.11; rv:48.0) Gecko/20100101 Firefox/48.0"
::1 - - [18/Sep/2016:14:38:39 +0000] "POST /version/edit HTTP/1.1" 500 524 "http://localhost:3000/version/upload/57de90d1fd004105141b71ed" "Mozilla/5.0 (Macintosh; Intel Mac OS X 10.11; rv:48.0) Gecko/20100101 Firefox/48.0"
::1 - - [18/Sep/2016:14:40:05 +0000] "POST /version/edit HTTP/1.1" 500 636 "http://localhost:3000/version/upload/57de90d1fd004105141b71ed" "Mozilla/5.0 (Macintosh; Intel Mac OS X 10.11; rv:48.0) Gecko/20100101 Firefox/48.0"
::1 - - [18/Sep/2016:14:41:10 +0000] "POST /version/edit HTTP/1.1" 500 642 "http://localhost:3000/version/upload/57de90d1fd004105141b71ed" "Mozilla/5.0 (Macintosh; Intel Mac OS X 10.11; rv:48.0) Gecko/20100101 Firefox/48.0"
::1 - - [18/Sep/2016:14:41:36 +0000] "POST /version/edit HTTP/1.1" 500 2910 "http://localhost:3000/version/upload/57de90d1fd004105141b71ed" "Mozilla/5.0 (Macintosh; Intel Mac OS X 10.11; rv:48.0) Gecko/20100101 Firefox/48.0"
::1 - - [18/Sep/2016:15:00:03 +0000] "GET /version/dialog1.html HTTP/1.1" 404 1891 "http://localhost:3000/version/list" "Mozilla/5.0 (Macintosh; Intel Mac OS X 10.11; rv:48.0) Gecko/20100101 Firefox/48.0"
::1 - - [18/Sep/2016:15:06:02 +0000] "GET /version/dialog1.html HTTP/1.1" 404 1891 "http://localhost:3000/version/list" "Mozilla/5.0 (Macintosh; Intel Mac OS X 10.11; rv:48.0) Gecko/20100101 Firefox/48.0"
